<?xml version="1.0" encoding="UTF-8"?>
<!-- Generated by org.testng.reporters.JUnitReportReporter -->
<testsuite skipped="0" hostname="Venky" name="login.LoginTest" tests="2" failures="0" timestamp="19 Aug 2017 11:01:09 GMT" time="10.630" errors="0">
  <testcase name="invalidLogin" time="4.699" classname="login.LoginTest"/>
  <testcase name="validLogin" time="5.931" classname="login.LoginTest"/>
</testsuite> <!-- login.LoginTest -->
