<?xml version="1.0" encoding="UTF-8"?>
<!-- Generated by org.testng.reporters.JUnitReportReporter -->
<testsuite skipped="0" hostname="Venky" name="login.LoginWithModulesV" tests="2" failures="0" timestamp="19 Aug 2017 11:52:42 GMT" time="9.752" errors="0">
  <testcase name="invalidLogin" time="1.126" classname="login.LoginWithModulesV"/>
  <testcase name="verifyValidLogin" time="8.626" classname="login.LoginWithModulesV"/>
</testsuite> <!-- login.LoginWithModulesV -->
