<?xml version="1.0" encoding="UTF-8"?>
<!-- Generated by org.testng.reporters.JUnitReportReporter -->
<testsuite skipped="0" hostname="Venky" name="login.LoginWithPagesV" tests="2" failures="0" timestamp="19 Aug 2017 13:10:36 GMT" time="12.632" errors="0">
  <testcase name="validLogin" time="11.326" classname="login.LoginWithPagesV"/>
  <testcase name="invalidLogin" time="1.306" classname="login.LoginWithPagesV"/>
</testsuite> <!-- login.LoginWithPagesV -->
