<?xml version="1.0" encoding="UTF-8"?>
<!-- Generated by org.testng.reporters.JUnitReportReporter -->
<testsuite skipped="0" hostname="Venky" name="Users.UsersSearch" tests="1" failures="0" timestamp="20 Aug 2017 17:20:19 GMT" time="13.140" errors="0">
  <testcase name="searchUser" time="13.140" classname="Users.UsersSearch"/>
</testsuite> <!-- Users.UsersSearch -->
