<?xml version="1.0" encoding="UTF-8"?>
<!-- Generated by org.testng.reporters.JUnitReportReporter -->
<testsuite skipped="0" hostname="Venky" name="login.LoginWithPagesV" tests="2" failures="0" timestamp="20 Aug 2017 17:20:19 GMT" time="12.888" errors="0">
  <testcase name="validLogin" time="11.555" classname="login.LoginWithPagesV"/>
  <testcase name="invalidLogin" time="1.333" classname="login.LoginWithPagesV"/>
</testsuite> <!-- login.LoginWithPagesV -->
